Arguments: 
  /Users/christophe.ashworth/.nvm/versions/node/v16.18.0/bin/node /Users/christophe.ashworth/.yarn/bin/yarn.js dev:website

PATH: 
  /Users/christophe.ashworth/.docker/bin:/Users/christophe.ashworth/.rbenv/shims:/Users/christophe.ashworth/.rbenv/bin:/Users/christophe.ashworth/.yarn/bin:/Users/christophe.ashworth/.config/yarn/global/node_modules/.bin:/Users/christophe.ashworth/.nvm/versions/node/v16.18.0/bin:/usr/local/Caskroom/google-cloud-sdk/latest/google-cloud-sdk/bin:/usr/local/Cellar/pyenv-virtualenv/1.2.0/shims:/Users/christophe.ashworth/.pyenv/shims:/Users/christophe.ashworth/.pyenv/bin:/Users/christophe.ashworth/.nvm/versions/node/v16.18.0/bin:/usr/local/bin:/System/Cryptexes/App/usr/bin:/usr/bin:/bin:/usr/sbin:/sbin:/usr/local/MacGPG2/bin:/Library/Apple/usr/bin:/Users/christophe.ashworth/.docker/bin:/Users/christophe.ashworth/.rbenv/shims:/Users/christophe.ashworth/.rbenv/bin:/Users/christophe.ashworth/.yarn/bin:/Users/christophe.ashworth/.config/yarn/global/node_modules/.bin:/usr/local/Caskroom/google-cloud-sdk/latest/google-cloud-sdk/bin:/usr/local/Cellar/pyenv-virtualenv/1.2.0/shims:/Users/christophe.ashworth/.pyenv/bin:/Users/christophe.ashworth/.nvm/versions/node/v16.18.0/bin:/Users/christophe.ashworth/.cargo/bin:/Users/christophe.ashworth/code/zendesk/kubectl_config/dotfiles/../bin/aliases:/Users/christophe.ashworth/golang:/usr/local/opt/go/libexec/bin:/Users/christophe.ashworth/golang:/usr/local/opt/go/libexec/bin

Yarn version: 
  1.22.19

Node version: 
  16.18.0

Platform: 
  darwin x64

Trace: 
  SyntaxError: /Users/christophe.ashworth/code/perso/great-catchup-stock-price/package.json: Unexpected token } in JSON at position 245
      at JSON.parse (<anonymous>)
      at /Users/christophe.ashworth/.yarn/lib/cli.js:1629:59
      at Generator.next (<anonymous>)
      at step (/Users/christophe.ashworth/.yarn/lib/cli.js:310:30)
      at /Users/christophe.ashworth/.yarn/lib/cli.js:321:13

npm manifest: 
  {
    "name": "root",
    "private": true,
    "workspaces": [
      "packages/*"
    ],
    "devDependencies": {
      "lerna": "^6.5.1"
    },
    "scripts": {
      "dev": "lerna run dev --stream",
      "dev:website": "lerna run dev --scope @website --stream",
    }
  }

yarn manifest: 
  No manifest

Lockfile: 
  No lockfile
